{
  "0 debug pnpm:scope": {
    "selected": 1
  },
  "1 error pnpm": {
    "code": "ELIFECYCLE",
    "errno": "ENOENT",
    "syscall": "spawn",
    "file": "sh",
    "pkgid": "@",
    "stage": "dev",
    "script": "vite --port 3333",
    "err": {
      "name": "Error",
      "message": "@ dev: `vite --port 3333`\nspawn ENOENT",
      "code": "ELIFECYCLE",
      "stack": "Error: @ dev: `vite --port 3333`\nspawn ENOENT\n    at ChildProcess.<anonymous> (/Users/jiedianziben010/.nvm/versions/node/v15.4.0/lib/node_modules/pnpm/dist/pnpm.cjs:88671:20)\n    at ChildProcess.emit (node:events:376:20)\n    at maybeClose (node:internal/child_process:1063:16)\n    at Process.ChildProcess._handle.onexit (node:internal/child_process:295:5)"
    }
  }
}